{"message":"GET method for route /negociacoes/salvas","level":"info","service":"test-service","datetime":"9:31:32 - 2/2/2020"}
{"message":"POST method for route /negociacoes","level":"info","service":"test-service","datetime":"9:31:32 - 2/2/2020"}
{"message":"GET method for route /negociacoes/salvas","level":"info","service":"test-service","datetime":"9:31:32 - 2/2/2020"}
{"message":"GET method for route /negociacoes/semana","level":"info","service":"test-service","datetime":"9:31:32 - 2/2/2020"}
{"message":"GET method for route /negociacoes/anterior","level":"info","service":"test-service","datetime":"9:31:32 - 2/2/2020"}
{"message":"GET method for route /negociacoes/retrasada","level":"info","service":"test-service","datetime":"9:31:32 - 2/2/2020"}
{"message":"DELETE method for route /negociacoes. Deleted 3 documents in collection saved","level":"info","service":"test-service","datetime":"9:31:32 - 2/2/2020"}
{"message":"POST method for route /negociacoes","level":"info","service":"test-service","datetime":"9:31:32 - 2/2/2020"}
{"message":"GET method for route /negociacoes/salvas","level":"info","service":"test-service","datetime":"9:31:32 - 2/2/2020"}
{"message":"GET method for route /negociacoes/salvas","level":"info","service":"test-service","datetime":"9:35:44 - 2/2/2020"}
{"message":"POST method for route /negociacoes","level":"info","service":"test-service","datetime":"9:35:44 - 2/2/2020"}
{"message":"GET method for route /negociacoes/salvas","level":"info","service":"test-service","datetime":"9:39:44 - 2/2/2020"}
{"message":"GET method for route /negociacoes/salvas","level":"info","service":"test-service","datetime":"9:39:44 - 2/2/2020"}
{"message":"DELETE method for route /negociacoes. Deleted 2 documents in collection saved","level":"info","service":"test-service","datetime":"9:39:44 - 2/2/2020"}
{"message":"POST method for route /negociacoes","level":"info","service":"test-service","datetime":"9:39:44 - 2/2/2020"}
{"message":"GET method for route /negociacoes/semana","level":"info","service":"test-service","datetime":"9:39:44 - 2/2/2020"}
{"message":"GET method for route /negociacoes/anterior","level":"info","service":"test-service","datetime":"9:39:44 - 2/2/2020"}
{"message":"GET method for route /negociacoes/retrasada","level":"info","service":"test-service","datetime":"9:39:44 - 2/2/2020"}
{"message":"DELETE method for route /negociacoes. Deleted 1 documents in collection saved","level":"info","service":"test-service","datetime":"9:39:44 - 2/2/2020"}
{"message":"POST method for route /negociacoes","level":"info","service":"test-service","datetime":"9:39:44 - 2/2/2020"}
{"message":"POST method for route /negociacoes","level":"info","service":"test-service","datetime":"9:39:44 - 2/2/2020"}
{"message":"DELETE method for route /negociacoes. Deleted 2 documents in collection saved","level":"info","service":"test-service","datetime":"9:39:44 - 2/2/2020"}
{"message":"POST method for route /negociacoes","level":"info","service":"test-service","datetime":"9:39:44 - 2/2/2020"}
{"message":"DELETE method for route /negociacoes. Deleted 1 documents in collection saved","level":"info","service":"test-service","datetime":"9:39:44 - 2/2/2020"}
